# JRE version: OpenJDK Runtime Environment (8.0_152-b01) (build 1.8.0_152-release-915-b01)
# Java VM: OpenJDK 64-Bit Server VM (25.152-b01 mixed mode windows-amd64 compressed oops)
Heap:
 PSYoungGen      total 106496K, used 49067K [0x00000000e0000000, 0x00000000e7400000, 0x0000000100000000)
  eden space 95232K, 44% used [0x00000000e0000000,0x00000000e295fef0,0x00000000e5d00000)
  from space 11264K, 59% used [0x00000000e6900000,0x00000000e6f8ad40,0x00000000e7400000)
  to   space 11776K, 0% used [0x00000000e5d00000,0x00000000e5d00000,0x00000000e6880000)
 ParOldGen       total 93184K, used 16239K [0x00000000a0000000, 0x00000000a5b00000, 0x00000000e0000000)
  object space 93184K, 17% used [0x00000000a0000000,0x00000000a0fdbd10,0x00000000a5b00000)
 Metaspace       used 42512K, capacity 43646K, committed 43776K, reserved 1087488K
  class space    used 5691K, capacity 6115K, committed 6144K, reserved 1048576K
GC Heap History (10 events):
Event: 18.312 GC heap before
{Heap before GC invocations=8 (full 1):
 PSYoungGen      total 59392K, used 53880K [0x00000000e0000000, 0x00000000e4780000, 0x0000000100000000)
  eden space 48640K, 100% used [0x00000000e0000000,0x00000000e2f80000,0x00000000e2f80000)
  from space 10752K, 48% used [0x00000000e3980000,0x00000000e3e9e008,0x00000000e4400000)
  to   space 10240K, 0% used [0x00000000e2f80000,0x00000000e2f80000,0x00000000e3980000)
 ParOldGen       total 62976K, used 8789K [0x00000000a0000000, 0x00000000a3d80000, 0x00000000e0000000)
  object space 62976K, 13% used [0x00000000a0000000,0x00000000a08955b0,0x00000000a3d80000)
 Metaspace       used 29196K, capacity 29898K, committed 30080K, reserved 1075200K
  class space    used 4093K, capacity 4356K, committed 4480K, reserved 1048576K
Event: 18.322 GC heap after
Heap after GC invocations=8 (full 1):
 PSYoungGen      total 58880K, used 8626K [0x00000000e0000000, 0x00000000e5f80000, 0x0000000100000000)
  eden space 48640K, 0% used [0x00000000e0000000,0x00000000e0000000,0x00000000e2f80000)
  from space 10240K, 84% used [0x00000000e2f80000,0x00000000e37ecbc8,0x00000000e3980000)
  to   space 11264K, 0% used [0x00000000e5480000,0x00000000e5480000,0x00000000e5f80000)
 ParOldGen       total 62976K, used 8797K [0x00000000a0000000, 0x00000000a3d80000, 0x00000000e0000000)
  object space 62976K, 13% used [0x00000000a0000000,0x00000000a08975b0,0x00000000a3d80000)
 Metaspace       used 29196K, capacity 29898K, committed 30080K, reserved 1075200K
  class space    used 4093K, capacity 4356K, committed 4480K, reserved 1048576K
}
Event: 22.519 GC heap before
{Heap before GC invocations=9 (full 1):
 PSYoungGen      total 58880K, used 57266K [0x00000000e0000000, 0x00000000e5f80000, 0x0000000100000000)
  eden space 48640K, 100% used [0x00000000e0000000,0x00000000e2f80000,0x00000000e2f80000)
  from space 10240K, 84% used [0x00000000e2f80000,0x00000000e37ecbc8,0x00000000e3980000)
  to   space 11264K, 0% used [0x00000000e5480000,0x00000000e5480000,0x00000000e5f80000)
 ParOldGen       total 62976K, used 8797K [0x00000000a0000000, 0x00000000a3d80000, 0x00000000e0000000)
  object space 62976K, 13% used [0x00000000a0000000,0x00000000a08975b0,0x00000000a3d80000)
 Metaspace       used 31516K, capacity 32266K, committed 32640K, reserved 1077248K
  class space    used 4315K, capacity 4612K, committed 4736K, reserved 1048576K
Event: 22.529 GC heap after
Heap after GC invocations=9 (full 1):
 PSYoungGen      total 82432K, used 7706K [0x00000000e0000000, 0x00000000e5d80000, 0x0000000100000000)
  eden space 73216K, 0% used [0x00000000e0000000,0x00000000e0000000,0x00000000e4780000)
  from space 9216K, 83% used [0x00000000e5480000,0x00000000e5c06bc8,0x00000000e5d80000)
  to   space 11264K, 0% used [0x00000000e4780000,0x00000000e4780000,0x00000000e5280000)
 ParOldGen       total 62976K, used 8813K [0x00000000a0000000, 0x00000000a3d80000, 0x00000000e0000000)
  object space 62976K, 13% used [0x00000000a0000000,0x00000000a089b5b0,0x00000000a3d80000)
 Metaspace       used 31516K, capacity 32266K, committed 32640K, reserved 1077248K
  class space    used 4315K, capacity 4612K, committed 4736K, reserved 1048576K
}
Event: 30.500 GC heap before
{Heap before GC invocations=10 (full 1):
 PSYoungGen      total 82432K, used 43261K [0x00000000e0000000, 0x00000000e5d80000, 0x0000000100000000)
  eden space 73216K, 48% used [0x00000000e0000000,0x00000000e22b8980,0x00000000e4780000)
  from space 9216K, 83% used [0x00000000e5480000,0x00000000e5c06bc8,0x00000000e5d80000)
  to   space 11264K, 0% used [0x00000000e4780000,0x00000000e4780000,0x00000000e5280000)
 ParOldGen       total 62976K, used 8813K [0x00000000a0000000, 0x00000000a3d80000, 0x00000000e0000000)
  object space 62976K, 13% used [0x00000000a0000000,0x00000000a089b5b0,0x00000000a3d80000)
 Metaspace       used 34387K, capacity 35310K, committed 35416K, reserved 1079296K
  class space    used 4682K, capacity 5035K, committed 5120K, reserved 1048576K
Event: 30.556 GC heap after
Heap after GC invocations=10 (full 1):
 PSYoungGen      total 84480K, used 10261K [0x00000000e0000000, 0x00000000e7500000, 0x0000000100000000)
  eden space 73216K, 0% used [0x00000000e0000000,0x00000000e0000000,0x00000000e4780000)
  from space 11264K, 91% used [0x00000000e4780000,0x00000000e51855a0,0x00000000e5280000)
  to   space 12288K, 0% used [0x00000000e6900000,0x00000000e6900000,0x00000000e7500000)
 ParOldGen       total 62976K, used 8885K [0x00000000a0000000, 0x00000000a3d80000, 0x00000000e0000000)
  object space 62976K, 14% used [0x00000000a0000000,0x00000000a08ad5c0,0x00000000a3d80000)
 Metaspace       used 34387K, capacity 35310K, committed 35416K, reserved 1079296K
  class space    used 4682K, capacity 5035K, committed 5120K, reserved 1048576K
}
Event: 30.556 GC heap before
{Heap before GC invocations=11 (full 2):
 PSYoungGen      total 84480K, used 10261K [0x00000000e0000000, 0x00000000e7500000, 0x0000000100000000)
  eden space 73216K, 0% used [0x00000000e0000000,0x00000000e0000000,0x00000000e4780000)
  from space 11264K, 91% used [0x00000000e4780000,0x00000000e51855a0,0x00000000e5280000)
  to   space 12288K, 0% used [0x00000000e6900000,0x00000000e6900000,0x00000000e7500000)
 ParOldGen       total 62976K, used 8885K [0x00000000a0000000, 0x00000000a3d80000, 0x00000000e0000000)
  object space 62976K, 14% used [0x00000000a0000000,0x00000000a08ad5c0,0x00000000a3d80000)
 Metaspace       used 34387K, capacity 35310K, committed 35416K, reserved 1079296K
  class space    used 4682K, capacity 5035K, committed 5120K, reserved 1048576K
Event: 30.674 GC heap after
Heap after GC invocations=11 (full 2):
 PSYoungGen      total 84480K, used 0K [0x00000000e0000000, 0x00000000e7500000, 0x0000000100000000)
  eden space 73216K, 0% used [0x00000000e0000000,0x00000000e0000000,0x00000000e4780000)
  from space 11264K, 0% used [0x00000000e4780000,0x00000000e4780000,0x00000000e5280000)
  to   space 12288K, 0% used [0x00000000e6900000,0x00000000e6900000,0x00000000e7500000)
 ParOldGen       total 93184K, used 16231K [0x00000000a0000000, 0x00000000a5b00000, 0x00000000e0000000)
  object space 93184K, 17% used [0x00000000a0000000,0x00000000a0fd9d10,0x00000000a5b00000)
 Metaspace       used 34387K, capacity 35310K, committed 35416K, reserved 1079296K
  class space    used 4682K, capacity 5035K, committed 5120K, reserved 1048576K
}
Event: 33.307 GC heap before
{Heap before GC invocations=12 (full 2):
 PSYoungGen      total 84480K, used 73216K [0x00000000e0000000, 0x00000000e7500000, 0x0000000100000000)
  eden space 73216K, 100% used [0x00000000e0000000,0x00000000e4780000,0x00000000e4780000)
  from space 11264K, 0% used [0x00000000e4780000,0x00000000e4780000,0x00000000e5280000)
  to   space 12288K, 0% used [0x00000000e6900000,0x00000000e6900000,0x00000000e7500000)
 ParOldGen       total 93184K, used 16231K [0x00000000a0000000, 0x00000000a5b00000, 0x00000000e0000000)
  object space 93184K, 17% used [0x00000000a0000000,0x00000000a0fd9d10,0x00000000a5b00000)
 Metaspace       used 40881K, capacity 41852K, committed 42240K, reserved 1085440K
  class space    used 5473K, capacity 5849K, committed 5888K, reserved 1048576K
Event: 33.317 GC heap after
Heap after GC invocations=12 (full 2):
 PSYoungGen      total 106496K, used 6699K [0x00000000e0000000, 0x00000000e7400000, 0x0000000100000000)
  eden space 95232K, 0% used [0x00000000e0000000,0x00000000e0000000,0x00000000e5d00000)
  from space 11264K, 59% used [0x00000000e6900000,0x00000000e6f8ad40,0x00000000e7400000)
  to   space 11776K, 0% used [0x00000000e5d00000,0x00000000e5d00000,0x00000000e6880000)
 ParOldGen       total 93184K, used 16239K [0x00000000a0000000, 0x00000000a5b00000, 0x00000000e0000000)
  object space 93184K, 17% used [0x00000000a0000000,0x00000000a0fdbd10,0x00000000a5b00000)
 Metaspace       used 40881K, capacity 41852K, committed 42240K, reserved 1085440K
  class space    used 5473K, capacity 5849K, committed 5888K, reserved 1048576K
}

